Using pre-set license
Built from '2020.3/staging' branch; Version is '2020.3.8f1 (507919d4fff5) revision 5273881'; Using compiler version '192528614'; Build Type 'Release'
OS: 'Windows 10 Pro; OS build 19043.1110; Version 2009; 64bit' Language: 'ru' Physical Memory: 16225 MB
BatchMode: 1, IsHumanControllingUs: 0, StartBugReporterOnCrash: 0, Is64bit: 1, IsPro: 0

 COMMAND LINE ARGUMENTS:
C:\Program Files\Unity\Hub\Editor\2020.3.8f1\Editor\Unity.exe
-adb2
-batchMode
-noUpm
-name
AssetImportWorker0
-projectPath
C:/Users/1/Documents/CrazyNote
-logFile
Logs/AssetImportWorker0.log
-srvPort
65474
Successfully changed project path to: C:/Users/1/Documents/CrazyNote
C:/Users/1/Documents/CrazyNote
Using Asset Import Pipeline V2.
Refreshing native plugins compatible for Editor in 29.92 ms, found 0 plugins.
Preloading 0 native plugins for Editor in 0.00 ms.
Initialize engine version: 2020.3.8f1 (507919d4fff5)
[Subsystems] Discovering subsystems at path C:/Program Files/Unity/Hub/Editor/2020.3.8f1/Editor/Data/Resources/UnitySubsystems
[Subsystems] Discovering subsystems at path C:/Users/1/Documents/CrazyNote/Assets
GfxDevice: creating device client; threaded=0
Direct3D:
    Version:  Direct3D 11.0 [level 11.1]
    Renderer: NVIDIA GeForce GTX 1060 3GB (ID=0x1c02)
    Vendor:   
    VRAM:     2988 MB
    Driver:   27.21.14.6192
Initialize mono
Mono path[0] = 'C:/Program Files/Unity/Hub/Editor/2020.3.8f1/Editor/Data/Managed'
Mono path[1] = 'C:/Program Files/Unity/Hub/Editor/2020.3.8f1/Editor/Data/MonoBleedingEdge/lib/mono/unityjit'
Mono config path = 'C:/Program Files/Unity/Hub/Editor/2020.3.8f1/Editor/Data/MonoBleedingEdge/etc'
Using monoOptions --debugger-agent=transport=dt_socket,embedding=1,server=y,suspend=n,address=127.0.0.1:56528
Begin MonoManager ReloadAssembly
Registering precompiled unity dll's ...
Register platform support module: C:/Program Files/Unity/Hub/Editor/2020.3.8f1/Editor/Data/PlaybackEngines/WindowsStandaloneSupport/UnityEditor.WindowsStandalone.Extensions.dll
Registered in 0.001570 seconds.
Native extension for WindowsStandalone target not found
Refreshing native plugins compatible for Editor in 29.42 ms, found 0 plugins.
Preloading 0 native plugins for Editor in 0.00 ms.
Mono: successfully reloaded assembly
- Completed reload, in  1.837 seconds
Platform modules already initialized, skipping
Registering precompiled user dll's ...
Registered in 0.000524 seconds.
Begin MonoManager ReloadAssembly
Native extension for WindowsStandalone target not found
Refreshing native plugins compatible for Editor in 0.32 ms, found 0 plugins.
Preloading 0 native plugins for Editor in 0.00 ms.
Mono: successfully reloaded assembly
- Completed reload, in  0.924 seconds
Platform modules already initialized, skipping
========================================================================
Worker process is ready to serve import requests
Launched and connected shader compiler UnityShaderCompiler.exe after 0.03 seconds
Refreshing native plugins compatible for Editor in 0.31 ms, found 0 plugins.
Preloading 0 native plugins for Editor in 0.00 ms.
Unloading 1202 Unused Serialized files (Serialized files now loaded: 0)
System memory in use before: 61.5 MB.
System memory in use after: 61.6 MB.

Unloading 8 unused Assets to reduce memory usage. Loaded Objects now: 1648.
Total: 1.795100 ms (FindLiveObjects: 0.135200 ms CreateObjectMapping: 0.050700 ms MarkObjects: 1.589000 ms  DeleteObjects: 0.019100 ms)

========================================================================
Received Prepare
Refreshing native plugins compatible for Editor in 0.87 ms, found 0 plugins.
Preloading 0 native plugins for Editor in 0.00 ms.
Unloading 2 Unused Serialized files (Serialized files now loaded: 0)
System memory in use before: 36.4 MB.
System memory in use after: 36.5 MB.

Unloading 2 unused Assets to reduce memory usage. Loaded Objects now: 1648.
Total: 1.804700 ms (FindLiveObjects: 0.159500 ms CreateObjectMapping: 0.048900 ms MarkObjects: 1.585700 ms  DeleteObjects: 0.009700 ms)

========================================================================
Received Prepare
Registering precompiled user dll's ...
Registered in 0.000611 seconds.
Begin MonoManager ReloadAssembly
Native extension for WindowsStandalone target not found
Refreshing native plugins compatible for Editor in 0.32 ms, found 0 plugins.
Preloading 0 native plugins for Editor in 0.00 ms.
Mono: successfully reloaded assembly
- Completed reload, in  0.879 seconds
Platform modules already initialized, skipping
Refreshing native plugins compatible for Editor in 0.33 ms, found 0 plugins.
Preloading 0 native plugins for Editor in 0.00 ms.
Unloading 1182 Unused Serialized files (Serialized files now loaded: 0)
System memory in use before: 60.0 MB.
System memory in use after: 60.1 MB.

Unloading 4 unused Assets to reduce memory usage. Loaded Objects now: 1651.
Total: 1.808400 ms (FindLiveObjects: 0.138300 ms CreateObjectMapping: 0.045400 ms MarkObjects: 1.608100 ms  DeleteObjects: 0.015800 ms)

========================================================================
Received Prepare
Registering precompiled user dll's ...
Registered in 0.000517 seconds.
Begin MonoManager ReloadAssembly
Native extension for WindowsStandalone target not found
Refreshing native plugins compatible for Editor in 0.32 ms, found 0 plugins.
Preloading 0 native plugins for Editor in 0.00 ms.
Mono: successfully reloaded assembly
- Completed reload, in  0.866 seconds
Platform modules already initialized, skipping
Refreshing native plugins compatible for Editor in 0.31 ms, found 0 plugins.
Preloading 0 native plugins for Editor in 0.00 ms.
Unloading 1182 Unused Serialized files (Serialized files now loaded: 0)
System memory in use before: 60.0 MB.
System memory in use after: 60.1 MB.

Unloading 4 unused Assets to reduce memory usage. Loaded Objects now: 1654.
Total: 1.954800 ms (FindLiveObjects: 0.136100 ms CreateObjectMapping: 0.046500 ms MarkObjects: 1.751500 ms  DeleteObjects: 0.019500 ms)

========================================================================
Received Prepare
Registering precompiled user dll's ...
Registered in 0.000495 seconds.
Begin MonoManager ReloadAssembly
Native extension for WindowsStandalone target not found
Refreshing native plugins compatible for Editor in 0.32 ms, found 0 plugins.
Preloading 0 native plugins for Editor in 0.00 ms.
Mono: successfully reloaded assembly
- Completed reload, in  0.862 seconds
Platform modules already initialized, skipping
Refreshing native plugins compatible for Editor in 0.31 ms, found 0 plugins.
Preloading 0 native plugins for Editor in 0.00 ms.
Unloading 1182 Unused Serialized files (Serialized files now loaded: 0)
System memory in use before: 60.0 MB.
System memory in use after: 60.1 MB.

Unloading 4 unused Assets to reduce memory usage. Loaded Objects now: 1657.
Total: 1.818600 ms (FindLiveObjects: 0.138200 ms CreateObjectMapping: 0.047000 ms MarkObjects: 1.620100 ms  DeleteObjects: 0.012100 ms)

========================================================================
Received Prepare
Registering precompiled user dll's ...
Registered in 0.000518 seconds.
Begin MonoManager ReloadAssembly
Native extension for WindowsStandalone target not found
Refreshing native plugins compatible for Editor in 0.32 ms, found 0 plugins.
Preloading 0 native plugins for Editor in 0.00 ms.
Mono: successfully reloaded assembly
- Completed reload, in  0.856 seconds
Platform modules already initialized, skipping
Refreshing native plugins compatible for Editor in 0.30 ms, found 0 plugins.
Preloading 0 native plugins for Editor in 0.00 ms.
Unloading 1182 Unused Serialized files (Serialized files now loaded: 0)
System memory in use before: 60.0 MB.
System memory in use after: 60.1 MB.

Unloading 4 unused Assets to reduce memory usage. Loaded Objects now: 1660.
Total: 1.911800 ms (FindLiveObjects: 0.133500 ms CreateObjectMapping: 0.045200 ms MarkObjects: 1.718300 ms  DeleteObjects: 0.014000 ms)

========================================================================
Received Prepare
Registering precompiled user dll's ...
Registered in 0.000506 seconds.
Begin MonoManager ReloadAssembly
Native extension for WindowsStandalone target not found
Refreshing native plugins compatible for Editor in 0.36 ms, found 0 plugins.
Preloading 0 native plugins for Editor in 0.00 ms.
Mono: successfully reloaded assembly
- Completed reload, in  0.868 seconds
Platform modules already initialized, skipping
Refreshing native plugins compatible for Editor in 0.29 ms, found 0 plugins.
Preloading 0 native plugins for Editor in 0.00 ms.
Unloading 1182 Unused Serialized files (Serialized files now loaded: 0)
System memory in use before: 60.0 MB.
System memory in use after: 60.1 MB.

Unloading 4 unused Assets to reduce memory usage. Loaded Objects now: 1663.
Total: 1.756400 ms (FindLiveObjects: 0.136700 ms CreateObjectMapping: 0.045700 ms MarkObjects: 1.560800 ms  DeleteObjects: 0.012600 ms)

========================================================================
Received Prepare
Registering precompiled user dll's ...
Registered in 0.000509 seconds.
Begin MonoManager ReloadAssembly
Native extension for WindowsStandalone target not found
Refreshing native plugins compatible for Editor in 0.32 ms, found 0 plugins.
Preloading 0 native plugins for Editor in 0.00 ms.
Mono: successfully reloaded assembly
- Completed reload, in  0.861 seconds
Platform modules already initialized, skipping
Refreshing native plugins compatible for Editor in 0.30 ms, found 0 plugins.
Preloading 0 native plugins for Editor in 0.00 ms.
Unloading 1182 Unused Serialized files (Serialized files now loaded: 0)
System memory in use before: 60.0 MB.
System memory in use after: 60.1 MB.

Unloading 4 unused Assets to reduce memory usage. Loaded Objects now: 1666.
Total: 1.762600 ms (FindLiveObjects: 0.137100 ms CreateObjectMapping: 0.044500 ms MarkObjects: 1.567000 ms  DeleteObjects: 0.013400 ms)

========================================================================
Received Prepare
Registering precompiled user dll's ...
Registered in 0.000497 seconds.
Begin MonoManager ReloadAssembly
Native extension for WindowsStandalone target not found
Refreshing native plugins compatible for Editor in 0.34 ms, found 0 plugins.
Preloading 0 native plugins for Editor in 0.00 ms.
Mono: successfully reloaded assembly
- Completed reload, in  0.855 seconds
Platform modules already initialized, skipping
Refreshing native plugins compatible for Editor in 0.27 ms, found 0 plugins.
Preloading 0 native plugins for Editor in 0.00 ms.
Unloading 1182 Unused Serialized files (Serialized files now loaded: 0)
System memory in use before: 60.0 MB.
System memory in use after: 60.1 MB.

Unloading 4 unused Assets to reduce memory usage. Loaded Objects now: 1669.
Total: 1.787800 ms (FindLiveObjects: 0.132800 ms CreateObjectMapping: 0.045200 ms MarkObjects: 1.596900 ms  DeleteObjects: 0.012300 ms)

========================================================================
Received Prepare
Registering precompiled user dll's ...
Registered in 0.000513 seconds.
Begin MonoManager ReloadAssembly
Native extension for WindowsStandalone target not found
Refreshing native plugins compatible for Editor in 0.33 ms, found 0 plugins.
Preloading 0 native plugins for Editor in 0.00 ms.
Mono: successfully reloaded assembly
- Completed reload, in  0.857 seconds
Platform modules already initialized, skipping
Refreshing native plugins compatible for Editor in 0.29 ms, found 0 plugins.
Preloading 0 native plugins for Editor in 0.00 ms.
Unloading 1182 Unused Serialized files (Serialized files now loaded: 0)
System memory in use before: 60.0 MB.
System memory in use after: 60.1 MB.

Unloading 4 unused Assets to reduce memory usage. Loaded Objects now: 1672.
Total: 1.938900 ms (FindLiveObjects: 0.134200 ms CreateObjectMapping: 0.044600 ms MarkObjects: 1.746900 ms  DeleteObjects: 0.012500 ms)

========================================================================
Received Import Request.
  path: Assets/InternalAssets/Scripts/MainMenu
  artifactKey: Guid(d6d2d05c3d4c0284482808d498cc3290) Importer(815301076,1909f56bfc062723c751e8b465ee728b)
Start importing Assets/InternalAssets/Scripts/MainMenu using Guid(d6d2d05c3d4c0284482808d498cc3290) Importer(815301076,1909f56bfc062723c751e8b465ee728b)  -> (artifact id: '5c651c60d2edfb5cf81ac051c5a07e56') in 0.005032 seconds
  Import took 0.007504 seconds .

========================================================================
Received Import Request.
  Time since last request: 5.841518 seconds.
  path: Assets/InternalAssets/Scripts/Singleplayer/Mover.cs
  artifactKey: Guid(fc41db77494068e4d8dff1bf40a04e2b) Importer(815301076,1909f56bfc062723c751e8b465ee728b)
Start importing Assets/InternalAssets/Scripts/Singleplayer/Mover.cs using Guid(fc41db77494068e4d8dff1bf40a04e2b) Importer(815301076,1909f56bfc062723c751e8b465ee728b)  -> (artifact id: 'e71618315bd460c03d200e341b2c461a') in 0.019848 seconds
  Import took 0.022261 seconds .

========================================================================
Received Prepare
Registering precompiled user dll's ...
Registered in 0.000542 seconds.
Begin MonoManager ReloadAssembly
Native extension for WindowsStandalone target not found
Refreshing native plugins compatible for Editor in 0.32 ms, found 0 plugins.
Preloading 0 native plugins for Editor in 0.00 ms.
Mono: successfully reloaded assembly
- Completed reload, in  0.864 seconds
Platform modules already initialized, skipping
Refreshing native plugins compatible for Editor in 0.31 ms, found 0 plugins.
Preloading 0 native plugins for Editor in 0.00 ms.
Unloading 1182 Unused Serialized files (Serialized files now loaded: 0)
System memory in use before: 60.1 MB.
System memory in use after: 60.2 MB.

Unloading 4 unused Assets to reduce memory usage. Loaded Objects now: 1675.
Total: 1.906000 ms (FindLiveObjects: 0.170300 ms CreateObjectMapping: 0.063600 ms MarkObjects: 1.656100 ms  DeleteObjects: 0.014700 ms)

========================================================================
Received Import Request.
  Time since last request: 43.276948 seconds.
  path: Assets/InternalAssets/Scripts/Singleplayer/Mover.cs
  artifactKey: Guid(fc41db77494068e4d8dff1bf40a04e2b) Importer(815301076,1909f56bfc062723c751e8b465ee728b)
Start importing Assets/InternalAssets/Scripts/Singleplayer/Mover.cs using Guid(fc41db77494068e4d8dff1bf40a04e2b) Importer(815301076,1909f56bfc062723c751e8b465ee728b)  -> (artifact id: '48490b1ec3737e082626a50aa0ab52d6') in 0.004034 seconds
  Import took 0.006071 seconds .

========================================================================
Received Prepare
Registering precompiled user dll's ...
Registered in 0.000545 seconds.
Begin MonoManager ReloadAssembly
Native extension for WindowsStandalone target not found
Refreshing native plugins compatible for Editor in 0.34 ms, found 0 plugins.
Preloading 0 native plugins for Editor in 0.00 ms.
Mono: successfully reloaded assembly
- Completed reload, in  0.872 seconds
Platform modules already initialized, skipping
Refreshing native plugins compatible for Editor in 0.26 ms, found 0 plugins.
Preloading 0 native plugins for Editor in 0.00 ms.
Unloading 1182 Unused Serialized files (Serialized files now loaded: 0)
System memory in use before: 60.1 MB.
System memory in use after: 60.2 MB.

Unloading 4 unused Assets to reduce memory usage. Loaded Objects now: 1678.
Total: 1.784100 ms (FindLiveObjects: 0.133900 ms CreateObjectMapping: 0.045200 ms MarkObjects: 1.591700 ms  DeleteObjects: 0.012300 ms)

========================================================================
Received Prepare
Registering precompiled user dll's ...
Registered in 0.000531 seconds.
Begin MonoManager ReloadAssembly
Native extension for WindowsStandalone target not found
Refreshing native plugins compatible for Editor in 0.32 ms, found 0 plugins.
Preloading 0 native plugins for Editor in 0.00 ms.
Mono: successfully reloaded assembly
- Completed reload, in  0.906 seconds
Platform modules already initialized, skipping
Refreshing native plugins compatible for Editor in 0.33 ms, found 0 plugins.
Preloading 0 native plugins for Editor in 0.00 ms.
Unloading 1182 Unused Serialized files (Serialized files now loaded: 0)
System memory in use before: 60.1 MB.
System memory in use after: 60.2 MB.

Unloading 4 unused Assets to reduce memory usage. Loaded Objects now: 1681.
Total: 1.842000 ms (FindLiveObjects: 0.143000 ms CreateObjectMapping: 0.047300 ms MarkObjects: 1.634500 ms  DeleteObjects: 0.016300 ms)

========================================================================
Received Import Request.
  Time since last request: 51.852009 seconds.
  path: Assets/InternalAssets/Scripts/Singleplayer/Mover.cs
  artifactKey: Guid(fc41db77494068e4d8dff1bf40a04e2b) Importer(815301076,1909f56bfc062723c751e8b465ee728b)
Start importing Assets/InternalAssets/Scripts/Singleplayer/Mover.cs using Guid(fc41db77494068e4d8dff1bf40a04e2b) Importer(815301076,1909f56bfc062723c751e8b465ee728b)  -> (artifact id: '9b0dcc13eb8c9455aab0273d99a19348') in 0.004298 seconds
  Import took 0.006485 seconds .

========================================================================
Received Prepare
Registering precompiled user dll's ...
Registered in 0.000501 seconds.
Begin MonoManager ReloadAssembly
Native extension for WindowsStandalone target not found
Refreshing native plugins compatible for Editor in 0.32 ms, found 0 plugins.
Preloading 0 native plugins for Editor in 0.00 ms.
Mono: successfully reloaded assembly
- Completed reload, in  0.858 seconds
Platform modules already initialized, skipping
Refreshing native plugins compatible for Editor in 0.31 ms, found 0 plugins.
Preloading 0 native plugins for Editor in 0.00 ms.
Unloading 1182 Unused Serialized files (Serialized files now loaded: 0)
System memory in use before: 60.1 MB.
System memory in use after: 60.2 MB.

Unloading 4 unused Assets to reduce memory usage. Loaded Objects now: 1684.
Total: 1.765400 ms (FindLiveObjects: 0.137500 ms CreateObjectMapping: 0.045800 ms MarkObjects: 1.567700 ms  DeleteObjects: 0.013800 ms)

========================================================================
Received Import Request.
  Time since last request: 30.231331 seconds.
  path: Assets/InternalAssets/Scripts/Singleplayer/Mover.cs
  artifactKey: Guid(fc41db77494068e4d8dff1bf40a04e2b) Importer(815301076,1909f56bfc062723c751e8b465ee728b)
Start importing Assets/InternalAssets/Scripts/Singleplayer/Mover.cs using Guid(fc41db77494068e4d8dff1bf40a04e2b) Importer(815301076,1909f56bfc062723c751e8b465ee728b)  -> (artifact id: '3a51c2405914ac71171c77bc74d06626') in 0.003490 seconds
  Import took 0.005391 seconds .

========================================================================
Received Prepare
Registering precompiled user dll's ...
Registered in 0.000531 seconds.
Begin MonoManager ReloadAssembly
Native extension for WindowsStandalone target not found
Refreshing native plugins compatible for Editor in 0.31 ms, found 0 plugins.
Preloading 0 native plugins for Editor in 0.00 ms.
Mono: successfully reloaded assembly
- Completed reload, in  0.857 seconds
Platform modules already initialized, skipping
Refreshing native plugins compatible for Editor in 0.30 ms, found 0 plugins.
Preloading 0 native plugins for Editor in 0.00 ms.
Unloading 1182 Unused Serialized files (Serialized files now loaded: 0)
System memory in use before: 60.1 MB.
System memory in use after: 60.2 MB.

Unloading 4 unused Assets to reduce memory usage. Loaded Objects now: 1687.
Total: 1.793400 ms (FindLiveObjects: 0.141000 ms CreateObjectMapping: 0.046100 ms MarkObjects: 1.591900 ms  DeleteObjects: 0.013100 ms)

========================================================================
Received Import Request.
  Time since last request: 71.377372 seconds.
  path: Assets/InternalAssets/Scripts/Singleplayer/Mover.cs
  artifactKey: Guid(fc41db77494068e4d8dff1bf40a04e2b) Importer(815301076,1909f56bfc062723c751e8b465ee728b)
Start importing Assets/InternalAssets/Scripts/Singleplayer/Mover.cs using Guid(fc41db77494068e4d8dff1bf40a04e2b) Importer(815301076,1909f56bfc062723c751e8b465ee728b)  -> (artifact id: 'a02c444f8ff9320c3b6b6c68d8b07751') in 0.003695 seconds
  Import took 0.005538 seconds .

========================================================================
Received Prepare
Registering precompiled user dll's ...
Registered in 0.000561 seconds.
Begin MonoManager ReloadAssembly
Native extension for WindowsStandalone target not found
Refreshing native plugins compatible for Editor in 0.32 ms, found 0 plugins.
Preloading 0 native plugins for Editor in 0.00 ms.
Mono: successfully reloaded assembly
- Completed reload, in  0.860 seconds
Platform modules already initialized, skipping
Refreshing native plugins compatible for Editor in 0.32 ms, found 0 plugins.
Preloading 0 native plugins for Editor in 0.00 ms.
Unloading 1182 Unused Serialized files (Serialized files now loaded: 0)
System memory in use before: 60.1 MB.
System memory in use after: 60.2 MB.

Unloading 4 unused Assets to reduce memory usage. Loaded Objects now: 1690.
Total: 1.746500 ms (FindLiveObjects: 0.138800 ms CreateObjectMapping: 0.045500 ms MarkObjects: 1.548800 ms  DeleteObjects: 0.012500 ms)

========================================================================
Received Import Request.
  Time since last request: 123.599653 seconds.
  path: Assets/InternalAssets/Scripts/Singleplayer/Mover.cs
  artifactKey: Guid(fc41db77494068e4d8dff1bf40a04e2b) Importer(815301076,1909f56bfc062723c751e8b465ee728b)
Start importing Assets/InternalAssets/Scripts/Singleplayer/Mover.cs using Guid(fc41db77494068e4d8dff1bf40a04e2b) Importer(815301076,1909f56bfc062723c751e8b465ee728b)  -> (artifact id: '32ad19762b14d0f86a46cae1eb5612a9') in 0.003395 seconds
  Import took 0.005238 seconds .

========================================================================
Received Prepare
Registering precompiled user dll's ...
Registered in 0.000714 seconds.
Begin MonoManager ReloadAssembly
Native extension for WindowsStandalone target not found
Refreshing native plugins compatible for Editor in 0.34 ms, found 0 plugins.
Preloading 0 native plugins for Editor in 0.00 ms.
Mono: successfully reloaded assembly
- Completed reload, in  0.846 seconds
Platform modules already initialized, skipping
Refreshing native plugins compatible for Editor in 0.29 ms, found 0 plugins.
Preloading 0 native plugins for Editor in 0.00 ms.
Unloading 1182 Unused Serialized files (Serialized files now loaded: 0)
System memory in use before: 60.1 MB.
System memory in use after: 60.2 MB.

Unloading 4 unused Assets to reduce memory usage. Loaded Objects now: 1693.
Total: 1.768000 ms (FindLiveObjects: 0.138400 ms CreateObjectMapping: 0.045700 ms MarkObjects: 1.570300 ms  DeleteObjects: 0.012800 ms)

========================================================================
Received Import Request.
  Time since last request: 34.584846 seconds.
  path: Assets/InternalAssets/Scripts/Singleplayer/Mover.cs
  artifactKey: Guid(fc41db77494068e4d8dff1bf40a04e2b) Importer(815301076,1909f56bfc062723c751e8b465ee728b)
Start importing Assets/InternalAssets/Scripts/Singleplayer/Mover.cs using Guid(fc41db77494068e4d8dff1bf40a04e2b) Importer(815301076,1909f56bfc062723c751e8b465ee728b)  -> (artifact id: '56eed846c7b4a67d41fdf2f1738ec8e6') in 0.003487 seconds
  Import took 0.005362 seconds .

========================================================================
Received Prepare
Registering precompiled user dll's ...
Registered in 0.000532 seconds.
Begin MonoManager ReloadAssembly
Native extension for WindowsStandalone target not found
Refreshing native plugins compatible for Editor in 0.32 ms, found 0 plugins.
Preloading 0 native plugins for Editor in 0.00 ms.
Mono: successfully reloaded assembly
- Completed reload, in  0.847 seconds
Platform modules already initialized, skipping
Refreshing native plugins compatible for Editor in 0.31 ms, found 0 plugins.
Preloading 0 native plugins for Editor in 0.00 ms.
Unloading 1182 Unused Serialized files (Serialized files now loaded: 0)
System memory in use before: 60.1 MB.
System memory in use after: 60.2 MB.

Unloading 4 unused Assets to reduce memory usage. Loaded Objects now: 1696.
Total: 1.848400 ms (FindLiveObjects: 0.141300 ms CreateObjectMapping: 0.046500 ms MarkObjects: 1.646100 ms  DeleteObjects: 0.013600 ms)

AssetImportWorkerClient::OnTransportError - code=2 error=End of file
