Using pre-set license
Built from '2020.3/staging' branch; Version is '2020.3.8f1 (507919d4fff5) revision 5273881'; Using compiler version '192528614'; Build Type 'Release'
OS: 'Windows 10 Pro; OS build 19043.1110; Version 2009; 64bit' Language: 'ru' Physical Memory: 16225 MB
BatchMode: 1, IsHumanControllingUs: 0, StartBugReporterOnCrash: 0, Is64bit: 1, IsPro: 0

 COMMAND LINE ARGUMENTS:
C:\Program Files\Unity\Hub\Editor\2020.3.8f1\Editor\Unity.exe
-adb2
-batchMode
-noUpm
-name
AssetImportWorker0
-projectPath
C:/Users/1/Documents/CrazyNote
-logFile
Logs/AssetImportWorker0.log
-srvPort
50025
Successfully changed project path to: C:/Users/1/Documents/CrazyNote
C:/Users/1/Documents/CrazyNote
Using Asset Import Pipeline V2.
Refreshing native plugins compatible for Editor in 28.75 ms, found 0 plugins.
Preloading 0 native plugins for Editor in 0.00 ms.
Initialize engine version: 2020.3.8f1 (507919d4fff5)
[Subsystems] Discovering subsystems at path C:/Program Files/Unity/Hub/Editor/2020.3.8f1/Editor/Data/Resources/UnitySubsystems
[Subsystems] Discovering subsystems at path C:/Users/1/Documents/CrazyNote/Assets
GfxDevice: creating device client; threaded=0
Direct3D:
    Version:  Direct3D 11.0 [level 11.1]
    Renderer: NVIDIA GeForce GTX 1060 3GB (ID=0x1c02)
    Vendor:   
    VRAM:     2988 MB
    Driver:   27.21.14.6192
Initialize mono
Mono path[0] = 'C:/Program Files/Unity/Hub/Editor/2020.3.8f1/Editor/Data/Managed'
Mono path[1] = 'C:/Program Files/Unity/Hub/Editor/2020.3.8f1/Editor/Data/MonoBleedingEdge/lib/mono/unityjit'
Mono config path = 'C:/Program Files/Unity/Hub/Editor/2020.3.8f1/Editor/Data/MonoBleedingEdge/etc'
Using monoOptions --debugger-agent=transport=dt_socket,embedding=1,server=y,suspend=n,address=127.0.0.1:56588
Begin MonoManager ReloadAssembly
Registering precompiled unity dll's ...
Register platform support module: C:/Program Files/Unity/Hub/Editor/2020.3.8f1/Editor/Data/PlaybackEngines/WindowsStandaloneSupport/UnityEditor.WindowsStandalone.Extensions.dll
Registered in 0.001510 seconds.
Native extension for WindowsStandalone target not found
Refreshing native plugins compatible for Editor in 29.83 ms, found 0 plugins.
Preloading 0 native plugins for Editor in 0.00 ms.
Mono: successfully reloaded assembly
- Completed reload, in  1.727 seconds
Platform modules already initialized, skipping
Registering precompiled user dll's ...
Registered in 0.000523 seconds.
Begin MonoManager ReloadAssembly
Native extension for WindowsStandalone target not found
Refreshing native plugins compatible for Editor in 0.34 ms, found 0 plugins.
Preloading 0 native plugins for Editor in 0.00 ms.
Mono: successfully reloaded assembly
- Completed reload, in  0.931 seconds
Platform modules already initialized, skipping
========================================================================
Worker process is ready to serve import requests
Launched and connected shader compiler UnityShaderCompiler.exe after 0.03 seconds
Refreshing native plugins compatible for Editor in 0.34 ms, found 0 plugins.
Preloading 0 native plugins for Editor in 0.00 ms.
Unloading 1208 Unused Serialized files (Serialized files now loaded: 0)
System memory in use before: 61.6 MB.
System memory in use after: 61.7 MB.

Unloading 8 unused Assets to reduce memory usage. Loaded Objects now: 1654.
Total: 1.797100 ms (FindLiveObjects: 0.132000 ms CreateObjectMapping: 0.050600 ms MarkObjects: 1.595300 ms  DeleteObjects: 0.018200 ms)

========================================================================
Received Import Request.
  path: Assets/InternalAssets/Sprites/Gameplay/tail.png
  artifactKey: Guid(8b51e7020a7b24a40bd3595171784822) Importer(815301076,1909f56bfc062723c751e8b465ee728b)
Start importing Assets/InternalAssets/Sprites/Gameplay/tail.png using Guid(8b51e7020a7b24a40bd3595171784822) Importer(815301076,1909f56bfc062723c751e8b465ee728b)  -> (artifact id: '64c920bdb81108fefef9cc748ecdbbbe') in 0.116068 seconds
  Import took 0.118296 seconds .

========================================================================
Received Import Request.
  Time since last request: 8.202008 seconds.
  path: Assets/InternalAssets/Sprites/Gameplay/tail.png
  artifactKey: Guid(8b51e7020a7b24a40bd3595171784822) Importer(815301076,1909f56bfc062723c751e8b465ee728b)
Start importing Assets/InternalAssets/Sprites/Gameplay/tail.png using Guid(8b51e7020a7b24a40bd3595171784822) Importer(815301076,1909f56bfc062723c751e8b465ee728b)  -> (artifact id: 'd39268d0f46b2e5809c32c63d30d2ed2') in 0.047542 seconds
  Import took 0.050095 seconds .

========================================================================
Received Import Request.
  Time since last request: 5.607762 seconds.
  path: Assets/InternalAssets/Sprites/Gameplay/tail.png
  artifactKey: Guid(8b51e7020a7b24a40bd3595171784822) Importer(815301076,1909f56bfc062723c751e8b465ee728b)
Start importing Assets/InternalAssets/Sprites/Gameplay/tail.png using Guid(8b51e7020a7b24a40bd3595171784822) Importer(815301076,1909f56bfc062723c751e8b465ee728b)  -> (artifact id: 'fb3e219f031b737e22fde2b257f796b1') in 0.004357 seconds
  Import took 0.007560 seconds .

========================================================================
Received Import Request.
  Time since last request: 45.173975 seconds.
  path: Assets/InternalAssets/Sprites/Gameplay/tail.png
  artifactKey: Guid(8b51e7020a7b24a40bd3595171784822) Importer(815301076,1909f56bfc062723c751e8b465ee728b)
Start importing Assets/InternalAssets/Sprites/Gameplay/tail.png using Guid(8b51e7020a7b24a40bd3595171784822) Importer(815301076,1909f56bfc062723c751e8b465ee728b)  -> (artifact id: 'e67bfe4ffbb0cef7b2b809046e77b430') in 0.016630 seconds
  Import took 0.018957 seconds .

========================================================================
Received Import Request.
  Time since last request: 14.057288 seconds.
  path: Assets/InternalAssets/Scenes/Singleplayer.unity
  artifactKey: Guid(b5163af3c6c16b1499c30b4e6e4f377c) Importer(815301076,1909f56bfc062723c751e8b465ee728b)
Start importing Assets/InternalAssets/Scenes/Singleplayer.unity using Guid(b5163af3c6c16b1499c30b4e6e4f377c) Importer(815301076,1909f56bfc062723c751e8b465ee728b)  -> (artifact id: '659ca4364b702bbae0dd62dea47024c1') in 0.002949 seconds
  Import took 0.005260 seconds .

========================================================================
Received Import Request.
  Time since last request: 134.654748 seconds.
  path: Assets/InternalAssets/Sprites/Gameplay/tail.png
  artifactKey: Guid(8b51e7020a7b24a40bd3595171784822) Importer(815301076,1909f56bfc062723c751e8b465ee728b)
Start importing Assets/InternalAssets/Sprites/Gameplay/tail.png using Guid(8b51e7020a7b24a40bd3595171784822) Importer(815301076,1909f56bfc062723c751e8b465ee728b)  -> (artifact id: '95138aed6b662c5200b19f263038bf28') in 0.030976 seconds
  Import took 0.033881 seconds .

========================================================================
Received Import Request.
  Time since last request: 299.093889 seconds.
  path: Assets/InternalAssets/Sprites/Gameplay/tail.png
  artifactKey: Guid(8b51e7020a7b24a40bd3595171784822) Importer(815301076,1909f56bfc062723c751e8b465ee728b)
Start importing Assets/InternalAssets/Sprites/Gameplay/tail.png using Guid(8b51e7020a7b24a40bd3595171784822) Importer(815301076,1909f56bfc062723c751e8b465ee728b)  -> (artifact id: '2db159adaad9eefb7ec9a426e47a15f4') in 0.031698 seconds
  Import took 0.034151 seconds .

========================================================================
Received Import Request.
  Time since last request: 37.149439 seconds.
  path: Assets/InternalAssets/Sprites/Gameplay/tail.png
  artifactKey: Guid(8b51e7020a7b24a40bd3595171784822) Importer(815301076,1909f56bfc062723c751e8b465ee728b)
Start importing Assets/InternalAssets/Sprites/Gameplay/tail.png using Guid(8b51e7020a7b24a40bd3595171784822) Importer(815301076,1909f56bfc062723c751e8b465ee728b)  -> (artifact id: '16384ebd0df57f9a2dae45d656543bce') in 0.031515 seconds
  Import took 0.033975 seconds .

========================================================================
Received Import Request.
  Time since last request: 646.309028 seconds.
  path: Assets/InternalAssets/Sprites/Gameplay/tail.png
  artifactKey: Guid(8b51e7020a7b24a40bd3595171784822) Importer(815301076,1909f56bfc062723c751e8b465ee728b)
Start importing Assets/InternalAssets/Sprites/Gameplay/tail.png using Guid(8b51e7020a7b24a40bd3595171784822) Importer(815301076,1909f56bfc062723c751e8b465ee728b)  -> (artifact id: '70fbef80ab96f7629640f3910d819758') in 0.031525 seconds
  Import took 0.034404 seconds .

========================================================================
Received Import Request.
  Time since last request: 49.641316 seconds.
  path: Assets/InternalAssets/Sprites/Gameplay/tail.png
  artifactKey: Guid(8b51e7020a7b24a40bd3595171784822) Importer(815301076,1909f56bfc062723c751e8b465ee728b)
Start importing Assets/InternalAssets/Sprites/Gameplay/tail.png using Guid(8b51e7020a7b24a40bd3595171784822) Importer(815301076,1909f56bfc062723c751e8b465ee728b)  -> (artifact id: '6c69ff057fbabe8c6190453daf46ffe8') in 0.031945 seconds
  Import took 0.034621 seconds .

========================================================================
Received Import Request.
  Time since last request: 154.736777 seconds.
  path: Assets/InternalAssets/Materials/Guitar.mat
  artifactKey: Guid(b06fe73e7a9365b41afc96a38dd7d790) Importer(815301076,1909f56bfc062723c751e8b465ee728b)
Start importing Assets/InternalAssets/Materials/Guitar.mat using Guid(b06fe73e7a9365b41afc96a38dd7d790) Importer(815301076,1909f56bfc062723c751e8b465ee728b)  -> (artifact id: '1c55752f2e876a082b3db836a724a2c2') in 0.072814 seconds
  Import took 0.075485 seconds .

